# JRE version: Java(TM) SE Runtime Environment (8.0_351-b10) (build 1.8.0_351-b10)
# Java VM: Java HotSpot(TM) 64-Bit Server VM (25.351-b10 mixed mode windows-amd64 compressed oops)
Heap:
 PSYoungGen      total 333312K, used 71726K [0x0000000776f80000, 0x0000000791400000, 0x00000007c0000000)
  eden space 313344K, 18% used [0x0000000776f80000,0x000000077a91c108,0x000000078a180000)
  from space 19968K, 63% used [0x000000078a180000,0x000000078adef7b8,0x000000078b500000)
  to   space 19968K, 0% used [0x0000000790080000,0x0000000790080000,0x0000000791400000)
 ParOldGen       total 177664K, used 33200K [0x00000006e4e00000, 0x00000006efb80000, 0x0000000776f80000)
  object space 177664K, 18% used [0x00000006e4e00000,0x00000006e6e6c218,0x00000006efb80000)
 Metaspace       used 64450K, capacity 68862K, committed 68992K, reserved 1110016K
  class space    used 8459K, capacity 9260K, committed 9344K, reserved 1048576K
GC Heap History (10 events):
Event: 6.123 GC heap before
{Heap before GC invocations=10 (full 2):
 PSYoungGen      total 174592K, used 160768K [0x0000000776f80000, 0x0000000788f00000, 0x00000007c0000000)
  eden space 160768K, 100% used [0x0000000776f80000,0x0000000780c80000,0x0000000780c80000)
  from space 13824K, 0% used [0x0000000780c80000,0x0000000780c80000,0x0000000781a00000)
  to   space 13312K, 0% used [0x0000000788200000,0x0000000788200000,0x0000000788f00000)
 ParOldGen       total 120320K, used 14589K [0x00000006e4e00000, 0x00000006ec380000, 0x0000000776f80000)
  object space 120320K, 12% used [0x00000006e4e00000,0x00000006e5c3f7c8,0x00000006ec380000)
 Metaspace       used 38042K, capacity 40572K, committed 40832K, reserved 1085440K
  class space    used 4934K, capacity 5386K, committed 5504K, reserved 1048576K
Event: 6.129 GC heap after
Heap after GC invocations=10 (full 2):
 PSYoungGen      total 253952K, used 7359K [0x0000000776f80000, 0x0000000788980000, 0x00000007c0000000)
  eden space 246272K, 0% used [0x0000000776f80000,0x0000000776f80000,0x0000000786000000)
  from space 7680K, 95% used [0x0000000788200000,0x000000078892ff58,0x0000000788980000)
  to   space 12800K, 0% used [0x0000000787080000,0x0000000787080000,0x0000000787d00000)
 ParOldGen       total 120320K, used 14597K [0x00000006e4e00000, 0x00000006ec380000, 0x0000000776f80000)
  object space 120320K, 12% used [0x00000006e4e00000,0x00000006e5c417c8,0x00000006ec380000)
 Metaspace       used 38042K, capacity 40572K, committed 40832K, reserved 1085440K
  class space    used 4934K, capacity 5386K, committed 5504K, reserved 1048576K
}
Event: 10.363 GC heap before
{Heap before GC invocations=11 (full 2):
 PSYoungGen      total 253952K, used 253631K [0x0000000776f80000, 0x0000000788980000, 0x00000007c0000000)
  eden space 246272K, 100% used [0x0000000776f80000,0x0000000786000000,0x0000000786000000)
  from space 7680K, 95% used [0x0000000788200000,0x000000078892ff58,0x0000000788980000)
  to   space 12800K, 0% used [0x0000000787080000,0x0000000787080000,0x0000000787d00000)
 ParOldGen       total 120320K, used 14597K [0x00000006e4e00000, 0x00000006ec380000, 0x0000000776f80000)
  object space 120320K, 12% used [0x00000006e4e00000,0x00000006e5c417c8,0x00000006ec380000)
 Metaspace       used 49351K, capacity 52318K, committed 52608K, reserved 1095680K
  class space    used 6139K, capacity 6707K, committed 6784K, reserved 1048576K
Event: 10.375 GC heap after
Heap after GC invocations=11 (full 2):
 PSYoungGen      total 275968K, used 12774K [0x0000000776f80000, 0x000000078c480000, 0x00000007c0000000)
  eden space 263168K, 0% used [0x0000000776f80000,0x0000000776f80000,0x0000000787080000)
  from space 12800K, 99% used [0x0000000787080000,0x0000000787cf9838,0x0000000787d00000)
  to   space 15872K, 0% used [0x000000078b500000,0x000000078b500000,0x000000078c480000)
 ParOldGen       total 120320K, used 18917K [0x00000006e4e00000, 0x00000006ec380000, 0x0000000776f80000)
  object space 120320K, 15% used [0x00000006e4e00000,0x00000006e60796d8,0x00000006ec380000)
 Metaspace       used 49351K, capacity 52318K, committed 52608K, reserved 1095680K
  class space    used 6139K, capacity 6707K, committed 6784K, reserved 1048576K
}
Event: 11.649 GC heap before
{Heap before GC invocations=12 (full 2):
 PSYoungGen      total 275968K, used 245071K [0x0000000776f80000, 0x000000078c480000, 0x00000007c0000000)
  eden space 263168K, 88% used [0x0000000776f80000,0x000000078525a558,0x0000000787080000)
  from space 12800K, 99% used [0x0000000787080000,0x0000000787cf9838,0x0000000787d00000)
  to   space 15872K, 0% used [0x000000078b500000,0x000000078b500000,0x000000078c480000)
 ParOldGen       total 120320K, used 18917K [0x00000006e4e00000, 0x00000006ec380000, 0x0000000776f80000)
  object space 120320K, 15% used [0x00000006e4e00000,0x00000006e60796d8,0x00000006ec380000)
 Metaspace       used 55423K, capacity 59008K, committed 59096K, reserved 1101824K
  class space    used 7072K, capacity 7768K, committed 7808K, reserved 1048576K
Event: 11.664 GC heap after
Heap after GC invocations=12 (full 2):
 PSYoungGen      total 329216K, used 15870K [0x0000000776f80000, 0x000000078e400000, 0x00000007c0000000)
  eden space 313344K, 0% used [0x0000000776f80000,0x0000000776f80000,0x000000078a180000)
  from space 15872K, 99% used [0x000000078b500000,0x000000078c47fb78,0x000000078c480000)
  to   space 19968K, 0% used [0x000000078a180000,0x000000078a180000,0x000000078b500000)
 ParOldGen       total 120320K, used 24466K [0x00000006e4e00000, 0x00000006ec380000, 0x0000000776f80000)
  object space 120320K, 20% used [0x00000006e4e00000,0x00000006e65e4880,0x00000006ec380000)
 Metaspace       used 55423K, capacity 59008K, committed 59096K, reserved 1101824K
  class space    used 7072K, capacity 7768K, committed 7808K, reserved 1048576K
}
Event: 11.664 GC heap before
{Heap before GC invocations=13 (full 3):
 PSYoungGen      total 329216K, used 15870K [0x0000000776f80000, 0x000000078e400000, 0x00000007c0000000)
  eden space 313344K, 0% used [0x0000000776f80000,0x0000000776f80000,0x000000078a180000)
  from space 15872K, 99% used [0x000000078b500000,0x000000078c47fb78,0x000000078c480000)
  to   space 19968K, 0% used [0x000000078a180000,0x000000078a180000,0x000000078b500000)
 ParOldGen       total 120320K, used 24466K [0x00000006e4e00000, 0x00000006ec380000, 0x0000000776f80000)
  object space 120320K, 20% used [0x00000006e4e00000,0x00000006e65e4880,0x00000006ec380000)
 Metaspace       used 55423K, capacity 59008K, committed 59096K, reserved 1101824K
  class space    used 7072K, capacity 7768K, committed 7808K, reserved 1048576K
Event: 11.784 GC heap after
Heap after GC invocations=13 (full 3):
 PSYoungGen      total 329216K, used 0K [0x0000000776f80000, 0x000000078e400000, 0x00000007c0000000)
  eden space 313344K, 0% used [0x0000000776f80000,0x0000000776f80000,0x000000078a180000)
  from space 15872K, 0% used [0x000000078b500000,0x000000078b500000,0x000000078c480000)
  to   space 19968K, 0% used [0x000000078a180000,0x000000078a180000,0x000000078b500000)
 ParOldGen       total 177664K, used 33192K [0x00000006e4e00000, 0x00000006efb80000, 0x0000000776f80000)
  object space 177664K, 18% used [0x00000006e4e00000,0x00000006e6e6a218,0x00000006efb80000)
 Metaspace       used 55423K, capacity 59008K, committed 59096K, reserved 1101824K
  class space    used 7072K, capacity 7768K, committed 7808K, reserved 1048576K
}
Event: 13.303 GC heap before
{Heap before GC invocations=14 (full 3):
 PSYoungGen      total 329216K, used 313344K [0x0000000776f80000, 0x000000078e400000, 0x00000007c0000000)
  eden space 313344K, 100% used [0x0000000776f80000,0x000000078a180000,0x000000078a180000)
  from space 15872K, 0% used [0x000000078b500000,0x000000078b500000,0x000000078c480000)
  to   space 19968K, 0% used [0x000000078a180000,0x000000078a180000,0x000000078b500000)
 ParOldGen       total 177664K, used 33192K [0x00000006e4e00000, 0x00000006efb80000, 0x0000000776f80000)
  object space 177664K, 18% used [0x00000006e4e00000,0x00000006e6e6a218,0x00000006efb80000)
 Metaspace       used 61537K, capacity 65840K, committed 65920K, reserved 1105920K
  class space    used 7970K, capacity 8770K, committed 8832K, reserved 1048576K
Event: 13.313 GC heap after
Heap after GC invocations=14 (full 3):
 PSYoungGen      total 333312K, used 12733K [0x0000000776f80000, 0x0000000791400000, 0x00000007c0000000)
  eden space 313344K, 0% used [0x0000000776f80000,0x0000000776f80000,0x000000078a180000)
  from space 19968K, 63% used [0x000000078a180000,0x000000078adef7b8,0x000000078b500000)
  to   space 19968K, 0% used [0x0000000790080000,0x0000000790080000,0x0000000791400000)
 ParOldGen       total 177664K, used 33200K [0x00000006e4e00000, 0x00000006efb80000, 0x0000000776f80000)
  object space 177664K, 18% used [0x00000006e4e00000,0x00000006e6e6c218,0x00000006efb80000)
 Metaspace       used 61537K, capacity 65840K, committed 65920K, reserved 1105920K
  class space    used 7970K, capacity 8770K, committed 8832K, reserved 1048576K
}

