# JRE version: Java(TM) SE Runtime Environment (8.0_351-b10) (build 1.8.0_351-b10)
# Java VM: Java HotSpot(TM) 64-Bit Server VM (25.351-b10 mixed mode windows-amd64 compressed oops)
Heap:
 PSYoungGen      total 356864K, used 50282K [0x0000000776f80000, 0x0000000792f00000, 0x00000007c0000000)
  eden space 336896K, 11% used [0x0000000776f80000,0x00000007794e4808,0x000000078b880000)
  from space 19968K, 60% used [0x000000078b880000,0x000000078c4360a0,0x000000078cc00000)
  to   space 19456K, 0% used [0x0000000791c00000,0x0000000791c00000,0x0000000792f00000)
 ParOldGen       total 171008K, used 32914K [0x00000006e4e00000, 0x00000006ef500000, 0x0000000776f80000)
  object space 171008K, 19% used [0x00000006e4e00000,0x00000006e6e24998,0x00000006ef500000)
 Metaspace       used 64446K, capacity 68862K, committed 68992K, reserved 1110016K
  class space    used 8461K, capacity 9260K, committed 9344K, reserved 1048576K
GC Heap History (10 events):
Event: 5.800 GC heap before
{Heap before GC invocations=10 (full 2):
 PSYoungGen      total 183296K, used 169984K [0x0000000776f80000, 0x000000078a680000, 0x00000007c0000000)
  eden space 169984K, 100% used [0x0000000776f80000,0x0000000781580000,0x0000000781580000)
  from space 13312K, 0% used [0x0000000781580000,0x0000000781580000,0x0000000782280000)
  to   space 13312K, 0% used [0x0000000789980000,0x0000000789980000,0x000000078a680000)
 ParOldGen       total 115712K, used 14627K [0x00000006e4e00000, 0x00000006ebf00000, 0x0000000776f80000)
  object space 115712K, 12% used [0x00000006e4e00000,0x00000006e5c48f20,0x00000006ebf00000)
 Metaspace       used 40578K, capacity 43174K, committed 43392K, reserved 1087488K
  class space    used 5245K, capacity 5717K, committed 5760K, reserved 1048576K
Event: 5.807 GC heap after
Heap after GC invocations=10 (full 2):
 PSYoungGen      total 271360K, used 8007K [0x0000000776f80000, 0x000000078a180000, 0x00000007c0000000)
  eden space 263168K, 0% used [0x0000000776f80000,0x0000000776f80000,0x0000000787080000)
  from space 8192K, 97% used [0x0000000789980000,0x000000078a151ef8,0x000000078a180000)
  to   space 12800K, 0% used [0x0000000788880000,0x0000000788880000,0x0000000789500000)
 ParOldGen       total 115712K, used 14699K [0x00000006e4e00000, 0x00000006ebf00000, 0x0000000776f80000)
  object space 115712K, 12% used [0x00000006e4e00000,0x00000006e5c5af30,0x00000006ebf00000)
 Metaspace       used 40578K, capacity 43174K, committed 43392K, reserved 1087488K
  class space    used 5245K, capacity 5717K, committed 5760K, reserved 1048576K
}
Event: 9.906 GC heap before
{Heap before GC invocations=11 (full 2):
 PSYoungGen      total 271360K, used 271175K [0x0000000776f80000, 0x000000078a180000, 0x00000007c0000000)
  eden space 263168K, 100% used [0x0000000776f80000,0x0000000787080000,0x0000000787080000)
  from space 8192K, 97% used [0x0000000789980000,0x000000078a151ef8,0x000000078a180000)
  to   space 12800K, 0% used [0x0000000788880000,0x0000000788880000,0x0000000789500000)
 ParOldGen       total 115712K, used 14699K [0x00000006e4e00000, 0x00000006ebf00000, 0x0000000776f80000)
  object space 115712K, 12% used [0x00000006e4e00000,0x00000006e5c5af30,0x00000006ebf00000)
 Metaspace       used 49781K, capacity 52774K, committed 52864K, reserved 1095680K
  class space    used 6207K, capacity 6761K, committed 6784K, reserved 1048576K
Event: 9.918 GC heap after
Heap after GC invocations=11 (full 2):
 PSYoungGen      total 300544K, used 12779K [0x0000000776f80000, 0x000000078db80000, 0x00000007c0000000)
  eden space 287744K, 0% used [0x0000000776f80000,0x0000000776f80000,0x0000000788880000)
  from space 12800K, 99% used [0x0000000788880000,0x00000007894fafe0,0x0000000789500000)
  to   space 15872K, 0% used [0x000000078cc00000,0x000000078cc00000,0x000000078db80000)
 ParOldGen       total 115712K, used 19612K [0x00000006e4e00000, 0x00000006ebf00000, 0x0000000776f80000)
  object space 115712K, 16% used [0x00000006e4e00000,0x00000006e61271d0,0x00000006ebf00000)
 Metaspace       used 49781K, capacity 52774K, committed 52864K, reserved 1095680K
  class space    used 6207K, capacity 6761K, committed 6784K, reserved 1048576K
}
Event: 10.914 GC heap before
{Heap before GC invocations=12 (full 2):
 PSYoungGen      total 300544K, used 219751K [0x0000000776f80000, 0x000000078db80000, 0x00000007c0000000)
  eden space 287744K, 71% used [0x0000000776f80000,0x000000078399ef10,0x0000000788880000)
  from space 12800K, 99% used [0x0000000788880000,0x00000007894fafe0,0x0000000789500000)
  to   space 15872K, 0% used [0x000000078cc00000,0x000000078cc00000,0x000000078db80000)
 ParOldGen       total 115712K, used 19612K [0x00000006e4e00000, 0x00000006ebf00000, 0x0000000776f80000)
  object space 115712K, 16% used [0x00000006e4e00000,0x00000006e61271d0,0x00000006ebf00000)
 Metaspace       used 55418K, capacity 59008K, committed 59096K, reserved 1101824K
  class space    used 7072K, capacity 7768K, committed 7808K, reserved 1048576K
Event: 10.926 GC heap after
Heap after GC invocations=12 (full 2):
 PSYoungGen      total 352768K, used 15861K [0x0000000776f80000, 0x0000000790280000, 0x00000007c0000000)
  eden space 336896K, 0% used [0x0000000776f80000,0x0000000776f80000,0x000000078b880000)
  from space 15872K, 99% used [0x000000078cc00000,0x000000078db7d508,0x000000078db80000)
  to   space 19968K, 0% used [0x000000078b880000,0x000000078b880000,0x000000078cc00000)
 ParOldGen       total 115712K, used 24871K [0x00000006e4e00000, 0x00000006ebf00000, 0x0000000776f80000)
  object space 115712K, 21% used [0x00000006e4e00000,0x00000006e6649d10,0x00000006ebf00000)
 Metaspace       used 55418K, capacity 59008K, committed 59096K, reserved 1101824K
  class space    used 7072K, capacity 7768K, committed 7808K, reserved 1048576K
}
Event: 10.926 GC heap before
{Heap before GC invocations=13 (full 3):
 PSYoungGen      total 352768K, used 15861K [0x0000000776f80000, 0x0000000790280000, 0x00000007c0000000)
  eden space 336896K, 0% used [0x0000000776f80000,0x0000000776f80000,0x000000078b880000)
  from space 15872K, 99% used [0x000000078cc00000,0x000000078db7d508,0x000000078db80000)
  to   space 19968K, 0% used [0x000000078b880000,0x000000078b880000,0x000000078cc00000)
 ParOldGen       total 115712K, used 24871K [0x00000006e4e00000, 0x00000006ebf00000, 0x0000000776f80000)
  object space 115712K, 21% used [0x00000006e4e00000,0x00000006e6649d10,0x00000006ebf00000)
 Metaspace       used 55418K, capacity 59008K, committed 59096K, reserved 1101824K
  class space    used 7072K, capacity 7768K, committed 7808K, reserved 1048576K
Event: 11.054 GC heap after
Heap after GC invocations=13 (full 3):
 PSYoungGen      total 352768K, used 0K [0x0000000776f80000, 0x0000000790280000, 0x00000007c0000000)
  eden space 336896K, 0% used [0x0000000776f80000,0x0000000776f80000,0x000000078b880000)
  from space 15872K, 0% used [0x000000078cc00000,0x000000078cc00000,0x000000078db80000)
  to   space 19968K, 0% used [0x000000078b880000,0x000000078b880000,0x000000078cc00000)
 ParOldGen       total 171008K, used 32906K [0x00000006e4e00000, 0x00000006ef500000, 0x0000000776f80000)
  object space 171008K, 19% used [0x00000006e4e00000,0x00000006e6e22998,0x00000006ef500000)
 Metaspace       used 55418K, capacity 59008K, committed 59096K, reserved 1101824K
  class space    used 7072K, capacity 7768K, committed 7808K, reserved 1048576K
}
Event: 12.593 GC heap before
{Heap before GC invocations=14 (full 3):
 PSYoungGen      total 352768K, used 336896K [0x0000000776f80000, 0x0000000790280000, 0x00000007c0000000)
  eden space 336896K, 100% used [0x0000000776f80000,0x000000078b880000,0x000000078b880000)
  from space 15872K, 0% used [0x000000078cc00000,0x000000078cc00000,0x000000078db80000)
  to   space 19968K, 0% used [0x000000078b880000,0x000000078b880000,0x000000078cc00000)
 ParOldGen       total 171008K, used 32906K [0x00000006e4e00000, 0x00000006ef500000, 0x0000000776f80000)
  object space 171008K, 19% used [0x00000006e4e00000,0x00000006e6e22998,0x00000006ef500000)
 Metaspace       used 62343K, capacity 66728K, committed 67072K, reserved 1107968K
  class space    used 8082K, capacity 8880K, committed 8960K, reserved 1048576K
Event: 12.603 GC heap after
Heap after GC invocations=14 (full 3):
 PSYoungGen      total 356864K, used 11992K [0x0000000776f80000, 0x0000000792f00000, 0x00000007c0000000)
  eden space 336896K, 0% used [0x0000000776f80000,0x0000000776f80000,0x000000078b880000)
  from space 19968K, 60% used [0x000000078b880000,0x000000078c4360a0,0x000000078cc00000)
  to   space 19456K, 0% used [0x0000000791c00000,0x0000000791c00000,0x0000000792f00000)
 ParOldGen       total 171008K, used 32914K [0x00000006e4e00000, 0x00000006ef500000, 0x0000000776f80000)
  object space 171008K, 19% used [0x00000006e4e00000,0x00000006e6e24998,0x00000006ef500000)
 Metaspace       used 62343K, capacity 66728K, committed 67072K, reserved 1107968K
  class space    used 8082K, capacity 8880K, committed 8960K, reserved 1048576K
}

